
as12, an absolute assembler for Motorola MCU's, version 1.2h

                        ;--- Define Equation ---
ee88                    PRINTF  EQU     $EE88
ee84                    GETCHAR EQU     $EE84
ee86                    PUTCHAR EQU     $EE86
                        ;--- Main program ---
1000                            ORG     $1000
                        ;--- Print string ---
1000 cc 10 44                   LDD     #STRING
1003 fe ee 88                   LDX     PRINTF
1006 15 00                      JSR     $00,X
                        ;--- Get string from user input ---
1008 36                 START   PSHA
1009 37                         PSHB
100a 3b                         PSHD
100b 34                         PSHX
100c ce 10 58                   LDX     #STR
100f 7e 10 5d                   STX     VAR
1012                    READ_LOOP
1012 fe ee 84                   LDX     GETCHAR
1015 15 00                      JSR     $00,X
1017 c1 1b                      CMPB    #$1B
1019 27 16                      BEQ     END_INPUT
101b 7b 10 5f                   STAB    TARGET
101e fe 10 5d                   LDX     VAR
1021 6b 00                      STAB    $00,X
1023 08                         INX
1024 7e 10 5d                   STX     VAR
1027 f6 10 5f                   LDAB    TARGET
102a fe ee 86                   LDX     PUTCHAR
102d 15 00                      JSR     $00,X
102f 20 e1                      BRA     READ_LOOP
1031                    END_INPUT
1031 cc 10 41                   LDD     #NEXTL
1034 fe ee 88                   LDX     PRINTF
1037 15 00                      JSR     $00,X
1039 30                         PULX
103a 3a                         PULD
103b 33                         PULB
103c 32                         PULA
103d 20 c9                      BRA     START
103f 3f                 DONE    SWI
                        ;--- Data Section
1040                    COUNT   RMB     1
1041 0d 0a 00           NEXTL   FCB     $0D,$0A,$00
1044 43 4f 4e 45 53 54  STRING  FCC     "CONESTOGA COLLEGE"
     4f 47 41 20 43 4f
     4c 4c 45 47 45
1055 0d 0a 00                   FCB     $0D,$0A,$00
1058                    STR     RMB     5
105d                    VAR     RMB     2
105f                    TARGET  RMB     1
                                END

Executed: Wed Nov 19 09:43:45 2025
Total cycles: 105, Total bytes: 87
Total errors: 0, Total warnings: 0
