
as12, an absolute assembler for Motorola MCU's, version 1.2h

                        ;--- Define Equation ---
ee88                    PRINTF  EQU     $EE88
ee84                    GETCHAR EQU     $EE84
ee86                    PUTCHAR EQU     $EE86
                        ;--- Main program ---
1000                            ORG     $1000
                        ;--- Print string ---
1000 cc 10 80                   LDD     #STRING
1003 fe ee 88                   LDX     PRINTF
1006 15 00                      JSR     $00,X
                        ;--- Get string from user input ---
1008 36                 START   PSHA
1009 37                         PSHB
100a 3b                         PSHD
100b 34                         PSHX
100c ce 10 c8                   LDX     #STR
100f 7e 10 cb                   STX     VAR
1012                    READ_LOOP
1012 fe ee 84                   LDX     GETCHAR
1015 15 00                      JSR     $00,X
1017 c1 1b                      CMPB    #$1B
1019 27 16                      BEQ     END_INPUT
101b 7b 10 cd                   STAB    TARGET
101e fe 10 cb                   LDX     VAR
1021 6b 00                      STAB    $00,X
1023 08                         INX
1024 7e 10 cb                   STX     VAR
1027 f6 10 cd                   LDAB    TARGET
102a fe ee 86                   LDX     PUTCHAR
102d 15 00                      JSR     $00,X
102f 20 e1                      BRA     READ_LOOP
1031                    END_INPUT
1031 cc 10 7a                   LDD     #NEXTL
1034 fe ee 88                   LDX     PRINTF
1037 15 00                      JSR     $00,X
1039 30                         PULX
103a 3a                         PULD
103b 33                         PULB
103c 32                         PULA
103d 16 10 42                   JSR     COMPARE
1040 20 c6                      BRA     START
                                
1042 36                 COMPARE PSHA
1043 37                         PSHB
1044 3b                         PSHD
1045 34                         PSHX
1046 c6 00                      LDAB    #0
1048                    CMP_LOOP
1048 ce 10 7d                   LDX     #KEY
104b 1a e5                      ABX
104d a6 00                      LDAA    $00,X
104f ce 10 c8                   LDX     #STR
1052 1a e5                      ABX
1054 a1 00                      CMPA    $00,X
1056 26 11                      BNE     NOT_EQUAL
1058 52                         INCB
1059 c1 03                      CMPB    #3
105b 27 02                      BEQ     EQUAL
105d 20 e9                      BRA     CMP_LOOP
105f cc 10 94           EQUAL   LDD     #EQU_MES
1062 fe ee 88                   LDX     PRINTF
1065 15 00                      JSR     $00,X
1067 20 0a                      BRA     END_CMP
1069                    NOT_EQUAL
1069 cc 10 ac                   LDD     #NEQU_MES
106c fe ee 88                   LDX     PRINTF
106f 15 00                      JSR     $00,X
1071 20 00                      BRA     END_CMP
1073 30                 END_CMP PULX
1074 3a                         PULD
1075 33                         PULB
1076 32                         PULA
1077 3d                         RTS
                        
1078 3f                 DONE    SWI
                        ;--- Data Section
1079                    COUNT   RMB     1
107a 0d 0a 00           NEXTL   FCB     $0D,$0A,$00
107d 6b 65 79           KEY     FCB     $6B,$65,$79
1080 43 4f 4e 45 53 54  STRING  FCC     "CONESTOGA COLLEGE"
     4f 47 41 20 43 4f
     4c 4c 45 47 45
1091 0d 0a 00                   FCB     $0D,$0A,$00
1094 54 57 4f 20 53 54  EQU_MES	FCC     "TWO STRINGS ARE EQUAL"
     52 49 4e 47 53 20
     41 52 45 20 45 51
     55 41 4c
10a9 0d 0a 00                   FCB     $0D,$0A,$00
10ac                    NEQU_MES
10ac 54 57 4f 20 53 54          FCC     "TWO STRINGS ARE NOT EQUAL"
     52 49 4e 47 53 20
     41 52 45 20 4e 4f
     54 20 45 51 55 41
     4c
10c5 0d 0a 00                   FCB     $0D,$0A,$00
10c8                    STR     RMB     3
10cb                    VAR     RMB     2
10cd                    TARGET  RMB     1
10ce                    FLAG    RMB     1
                                END

Executed: Thu Nov 20 09:50:27 2025
Total cycles: 186, Total bytes: 199
Total errors: 0, Total warnings: 0
